
> dev
> vite


  VITE v5.2.11  ready in 88 ms

  ➜  Local:   http://localhost:5173/
  ➜  Network: http://192.168.32.4:5173/

  LARAVEL v11.14.0  plugin v1.0.2

  ➜  APP_URL: http://localhost
11:00:17 PM [vite] page reload storage/app/public/fonts/6e5850983f/preload.html
11:00:18 PM [vite] page reload storage/app/public/fonts/117c5e87fc/preload.html
11:00:21 PM [vite] page reload storage/app/public/fonts/383dab2c7d/preload.html
11:17:12 PM [vite] page reload tailwind.config.js
11:17:47 PM [vite] page reload tailwind.config.js
11:18:09 PM [vite] page reload resources/views/welcome.blade.php
11:18:09 PM [vite] page reload resources/views/welcome.blade.php
11:18:09 PM [vite] page reload resources/views/components/story.blade.php
11:18:09 PM [vite] page reload resources/views/components/story.blade.php
11:18:09 PM [vite] page reload resources/views/components/main/story.blade.php
11:18:09 PM [vite] page reload resources/views/components/main/story.blade.php
11:18:09 PM [vite] page reload resources/views/components/header/navbar/index.blade.php
11:18:09 PM [vite] page reload resources/views/components/header/navbar/index.blade.php
11:18:11 PM [vite] page reload resources/views/welcome.blade.php
11:18:11 PM [vite] page reload resources/views/welcome.blade.php
11:20:24 PM [vite] page reload resources/views/components/header/main-menu.blade.php
11:20:24 PM [vite] page reload resources/views/components/header/main-menu.blade.php
11:26:44 PM [vite] page reload resources/views/components/header/main-menu.blade.php
11:26:44 PM [vite] page reload resources/views/components/header/main-menu.blade.php
11:27:01 PM [vite] page reload resources/views/components/header/main-menu.blade.php
11:27:01 PM [vite] page reload resources/views/components/header/main-menu.blade.php
11:27:05 PM [vite] page reload resources/views/components/header/main-menu.blade.php
11:27:05 PM [vite] page reload resources/views/components/header/main-menu.blade.php
11:27:28 PM [vite] page reload resources/views/components/header/main-menu.blade.php
11:27:28 PM [vite] page reload resources/views/components/header/main-menu.blade.php
11:27:33 PM [vite] page reload resources/views/components/header/main-menu.blade.php
11:27:33 PM [vite] page reload resources/views/components/header/main-menu.blade.php
11:27:35 PM [vite] page reload resources/views/components/header/main-menu.blade.php
11:27:35 PM [vite] page reload resources/views/components/header/main-menu.blade.php
11:27:47 PM [vite] page reload resources/views/components/header/main-menu.blade.php
11:27:47 PM [vite] page reload resources/views/components/header/main-menu.blade.php
11:28:12 PM [vite] page reload resources/views/components/header/main-menu.blade.php
11:28:12 PM [vite] page reload resources/views/components/header/main-menu.blade.php
11:29:44 PM [vite] page reload resources/views/components/header/navbar/item.blade.php
11:29:44 PM [vite] page reload resources/views/components/header/navbar/item.blade.php
11:30:19 PM [vite] page reload resources/views/components/header/navbar/item.blade.php
11:30:19 PM [vite] page reload resources/views/components/header/navbar/item.blade.php
11:30:56 PM [vite] page reload resources/views/components/header/navbar/item.blade.php
11:30:56 PM [vite] page reload resources/views/components/header/navbar/item.blade.php
3:05:45 PM [vite] page reload resources/views/components/layout.blade.php
3:05:45 PM [vite] page reload resources/views/components/layout.blade.php
3:09:21 PM [vite] page reload resources/views/components/header/top-banner.blade.php
3:09:21 PM [vite] page reload resources/views/components/header/top-banner.blade.php
3:10:09 PM [vite] page reload resources/views/components/header/top-banner.blade.php
3:10:09 PM [vite] page reload resources/views/components/header/top-banner.blade.php
3:10:51 PM [vite] page reload resources/views/components/header/top-banner.blade.php
3:10:51 PM [vite] page reload resources/views/components/header/top-banner.blade.php
3:11:59 PM [vite] page reload resources/views/components/header/top-banner.blade.php
3:11:59 PM [vite] page reload resources/views/components/header/top-banner.blade.php
3:13:30 PM [vite] page reload resources/views/components/header/top-banner.blade.php
3:13:30 PM [vite] page reload resources/views/components/header/top-banner.blade.php
3:13:52 PM [vite] page reload resources/views/components/header/top-banner.blade.php
3:13:52 PM [vite] page reload resources/views/components/header/top-banner.blade.php
3:19:29 PM [vite] page reload resources/views/components/header/top-banner.blade.php
3:19:29 PM [vite] page reload resources/views/components/header/top-banner.blade.php
3:20:40 PM [vite] page reload resources/views/components/header/top-banner.blade.php
3:20:40 PM [vite] page reload resources/views/components/header/top-banner.blade.php
3:21:11 PM [vite] page reload resources/views/components/header/top-banner.blade.php
3:21:11 PM [vite] page reload resources/views/components/header/top-banner.blade.php
7:09:44 PM [vite] page reload resources/images/logo.png.crdownload
7:09:44 PM [vite] page reload resources/images/logo.png
7:09:44 PM [vite] page reload resources/images/logo.png.crdownload
7:14:54 PM [vite] page reload resources/images/logo.png.crdownload
7:14:54 PM [vite] page reload resources/images/logo.png.crdownload
7:21:35 PM [vite] page reload resources/views/components/header/logo.blade.php
7:21:35 PM [vite] page reload resources/views/components/header/logo.blade.php
7:22:27 PM [vite] page reload resources/views/components/header/logo.blade.php
7:22:27 PM [vite] page reload resources/views/components/header/logo.blade.php
7:22:47 PM [vite] page reload resources/views/components/header/logo.blade.php
7:22:47 PM [vite] page reload resources/views/components/header/logo.blade.php
7:23:15 PM [vite] page reload resources/views/components/header/logo.blade.php
7:23:15 PM [vite] page reload resources/views/components/header/logo.blade.php
7:23:45 PM [vite] page reload resources/views/components/header/logo.blade.php
7:23:45 PM [vite] page reload resources/views/components/header/logo.blade.php
7:23:52 PM [vite] page reload resources/views/components/header/logo.blade.php
7:23:52 PM [vite] page reload resources/views/components/header/logo.blade.php
7:23:58 PM [vite] page reload resources/views/components/header/logo.blade.php
7:23:58 PM [vite] page reload resources/views/components/header/logo.blade.php
7:28:06 PM [vite] page reload resources/views/components/header/logo.blade.php
7:28:06 PM [vite] page reload resources/views/components/header/logo.blade.php
7:40:04 PM [vite] page reload resources/views/components/header/top-banner.blade.php
7:40:04 PM [vite] page reload resources/views/components/header/top-banner.blade.php
7:52:41 PM [vite] page reload resources/views/components/header/top-banner.blade.php
7:52:41 PM [vite] page reload resources/views/components/header/top-banner.blade.php
7:53:07 PM [vite] page reload resources/views/components/header/top-banner.blade.php
7:53:07 PM [vite] page reload resources/views/components/header/top-banner.blade.php
7:54:04 PM [vite] page reload resources/views/components/header/top-banner.blade.php
7:54:04 PM [vite] page reload resources/views/components/header/top-banner.blade.php
7:55:22 PM [vite] page reload resources/views/components/header/search.blade.php
7:55:33 PM [vite] page reload resources/views/components/header/search.blade.php
7:55:44 PM [vite] page reload resources/views/components/header/top-banner.blade.php
7:55:44 PM [vite] page reload resources/views/components/header/top-banner.blade.php
7:56:47 PM [vite] page reload resources/views/components/header/search.blade.php
7:56:47 PM [vite] page reload resources/views/components/header/search.blade.php
7:57:50 PM [vite] page reload resources/views/components/header/search.blade.php
7:57:50 PM [vite] page reload resources/views/components/header/search.blade.php
7:58:06 PM [vite] page reload resources/views/components/header/search.blade.php
7:58:06 PM [vite] page reload resources/views/components/header/search.blade.php
7:58:15 PM [vite] page reload resources/views/components/header/search.blade.php
7:58:15 PM [vite] page reload resources/views/components/header/search.blade.php
7:59:03 PM [vite] page reload resources/views/components/header/search.blade.php
7:59:03 PM [vite] page reload resources/views/components/header/search.blade.php
7:59:20 PM [vite] page reload resources/views/components/header/search.blade.php
7:59:20 PM [vite] page reload resources/views/components/header/search.blade.php
7:59:56 PM [vite] page reload resources/views/components/header/search.blade.php
7:59:56 PM [vite] page reload resources/views/components/header/search.blade.php
8:00:19 PM [vite] page reload resources/views/components/header/search.blade.php
8:00:19 PM [vite] page reload resources/views/components/header/search.blade.php
8:19:44 PM [vite] page reload resources/views/components/header/search.blade.php
8:19:44 PM [vite] page reload resources/views/components/header/search.blade.php
8:19:50 PM [vite] page reload resources/views/components/header/search.blade.php
8:19:50 PM [vite] page reload resources/views/components/header/search.blade.php
8:20:03 PM [vite] page reload resources/views/components/header/search.blade.php
8:20:03 PM [vite] page reload resources/views/components/header/search.blade.php
8:20:14 PM [vite] page reload resources/views/components/header/search.blade.php
8:20:14 PM [vite] page reload resources/views/components/header/search.blade.php
8:20:26 PM [vite] page reload resources/views/components/header/search.blade.php
8:20:26 PM [vite] page reload resources/views/components/header/search.blade.php
8:21:10 PM [vite] page reload resources/views/components/header/search.blade.php
8:21:10 PM [vite] page reload resources/views/components/header/search.blade.php
8:21:44 PM [vite] page reload resources/views/components/header/search.blade.php
8:21:44 PM [vite] page reload resources/views/components/header/search.blade.php
8:22:08 PM [vite] page reload resources/views/components/header/search.blade.php
8:22:08 PM [vite] page reload resources/views/components/header/search.blade.php
8:22:46 PM [vite] page reload resources/views/components/header/search.blade.php
8:22:46 PM [vite] page reload resources/views/components/header/search.blade.php
8:23:13 PM [vite] page reload resources/views/components/header/search.blade.php
8:23:13 PM [vite] page reload resources/views/components/header/search.blade.php
8:25:02 PM [vite] page reload resources/views/components/header/search.blade.php
8:25:02 PM [vite] page reload resources/views/components/header/search.blade.php
8:27:55 PM [vite] page reload resources/views/components/header/search.blade.php
8:27:55 PM [vite] page reload resources/views/components/header/search.blade.php
9:03:55 PM [vite] page reload resources/views/components/header/top-banner.blade.php
9:03:55 PM [vite] page reload resources/views/components/header/top-banner.blade.php
9:05:24 PM [vite] page reload resources/views/components/header/logo.blade.php
9:05:24 PM [vite] page reload resources/views/components/header/logo.blade.php
9:05:36 PM [vite] page reload resources/views/components/header/logo.blade.php
9:05:36 PM [vite] page reload resources/views/components/header/logo.blade.php
9:05:58 PM [vite] page reload resources/views/components/header/logo.blade.php
9:05:58 PM [vite] page reload resources/views/components/header/logo.blade.php
9:06:13 PM [vite] page reload resources/views/components/header/logo.blade.php
9:06:13 PM [vite] page reload resources/views/components/header/logo.blade.php
9:06:58 PM [vite] page reload resources/views/components/header/logo.blade.php
9:06:58 PM [vite] page reload resources/views/components/header/logo.blade.php
9:07:21 PM [vite] page reload resources/views/components/header/logo.blade.php
9:07:21 PM [vite] page reload resources/views/components/header/logo.blade.php
9:09:37 PM [vite] page reload resources/views/components/layout.blade.php
9:09:37 PM [vite] page reload resources/views/components/layout.blade.php
9:12:23 PM [vite] page reload resources/views/components/header/main-menu.blade.php
9:12:23 PM [vite] page reload resources/views/components/header/main-menu.blade.php
9:12:40 PM [vite] page reload resources/views/components/header/top-banner.blade.php
9:12:40 PM [vite] page reload resources/views/components/header/top-banner.blade.php
9:13:10 PM [vite] page reload resources/views/components/header/top-banner.blade.php
9:13:10 PM [vite] page reload resources/views/components/header/top-banner.blade.php
9:14:09 PM [vite] page reload resources/views/components/header/top-banner.blade.php
9:14:09 PM [vite] page reload resources/views/components/header/top-banner.blade.php
9:14:32 PM [vite] page reload resources/views/components/header/top-banner.blade.php
9:14:32 PM [vite] page reload resources/views/components/header/top-banner.blade.php
9:15:23 PM [vite] page reload resources/views/components/header/top-banner.blade.php
9:15:23 PM [vite] page reload resources/views/components/header/top-banner.blade.php
9:15:41 PM [vite] page reload resources/views/components/header/top-banner.blade.php
9:15:41 PM [vite] page reload resources/views/components/header/top-banner.blade.php
9:16:02 PM [vite] page reload resources/views/components/header/top-banner.blade.php
9:16:02 PM [vite] page reload resources/views/components/header/top-banner.blade.php
9:16:37 PM [vite] page reload resources/views/components/header/top-banner.blade.php
9:16:37 PM [vite] page reload resources/views/components/header/top-banner.blade.php
9:17:11 PM [vite] page reload resources/views/components/header/top-banner.blade.php
9:17:11 PM [vite] page reload resources/views/components/header/top-banner.blade.php
9:17:40 PM [vite] page reload resources/views/components/header/top-banner.blade.php
9:17:40 PM [vite] page reload resources/views/components/header/top-banner.blade.php
9:18:18 PM [vite] page reload resources/views/components/header/top-banner.blade.php
9:18:18 PM [vite] page reload resources/views/components/header/top-banner.blade.php
9:19:32 PM [vite] page reload resources/views/components/header/top-banner.blade.php
9:19:32 PM [vite] page reload resources/views/components/header/top-banner.blade.php
9:19:58 PM [vite] page reload resources/views/components/header/top-banner.blade.php
9:19:58 PM [vite] page reload resources/views/components/header/top-banner.blade.php
9:20:32 PM [vite] page reload resources/views/components/header/top-banner.blade.php
9:20:32 PM [vite] page reload resources/views/components/header/top-banner.blade.php
9:20:45 PM [vite] page reload resources/views/components/header/search.blade.php
9:20:45 PM [vite] page reload resources/views/components/header/search.blade.php
9:20:47 PM [vite] page reload resources/views/components/header/search.blade.php
9:20:47 PM [vite] page reload resources/views/components/header/search.blade.php
9:21:06 PM [vite] page reload resources/views/components/header/search.blade.php
9:21:06 PM [vite] page reload resources/views/components/header/search.blade.php
9:21:43 PM [vite] page reload resources/views/components/header/search.blade.php
9:21:43 PM [vite] page reload resources/views/components/header/search.blade.php
9:21:56 PM [vite] page reload resources/views/components/header/search.blade.php
9:21:56 PM [vite] page reload resources/views/components/header/search.blade.php
9:22:40 PM [vite] page reload resources/views/components/header/search.blade.php
9:22:40 PM [vite] page reload resources/views/components/header/search.blade.php
9:23:07 PM [vite] page reload resources/views/components/header/search.blade.php
9:23:07 PM [vite] page reload resources/views/components/header/search.blade.php
9:23:30 PM [vite] page reload resources/views/components/header/search.blade.php
9:23:30 PM [vite] page reload resources/views/components/header/search.blade.php
9:23:57 PM [vite] page reload resources/views/components/header/top-banner.blade.php
9:23:57 PM [vite] page reload resources/views/components/header/top-banner.blade.php
9:24:41 PM [vite] page reload resources/views/components/header/top-banner.blade.php
9:24:41 PM [vite] page reload resources/views/components/header/top-banner.blade.php
9:24:59 PM [vite] page reload resources/views/components/header/top-banner.blade.php
9:24:59 PM [vite] page reload resources/views/components/header/top-banner.blade.php
9:25:12 PM [vite] page reload resources/views/components/header/search.blade.php
9:25:12 PM [vite] page reload resources/views/components/header/search.blade.php
9:25:51 PM [vite] page reload resources/views/components/header/top-banner.blade.php
9:25:51 PM [vite] page reload resources/views/components/header/top-banner.blade.php
9:27:28 PM [vite] page reload resources/views/components/header/main-menu.blade.php
9:27:28 PM [vite] page reload resources/views/components/header/main-menu.blade.php
9:28:28 PM [vite] page reload resources/views/components/header/main-menu.blade.php
9:28:28 PM [vite] page reload resources/views/components/header/main-menu.blade.php
9:30:48 PM [vite] page reload resources/views/components/header/logo.blade.php
9:30:48 PM [vite] page reload resources/views/components/header/logo.blade.php
9:31:31 PM [vite] page reload resources/views/components/header/logo.blade.php
9:31:31 PM [vite] page reload resources/views/components/header/logo.blade.php
9:32:01 PM [vite] page reload resources/views/components/header/logo.blade.php
9:32:01 PM [vite] page reload resources/views/components/header/logo.blade.php
9:54:24 PM [vite] page reload resources/views/components/header/main-menu.blade.php
9:54:24 PM [vite] page reload resources/views/components/header/main-menu.blade.php
9:55:49 PM [vite] page reload resources/views/components/header/top-banner.blade.php
9:55:49 PM [vite] page reload resources/views/components/header/top-banner.blade.php
9:56:19 PM [vite] page reload resources/views/components/header/top-banner.blade.php
9:56:19 PM [vite] page reload resources/views/components/header/top-banner.blade.php
9:57:39 PM [vite] page reload resources/views/components/header/top-banner.blade.php
9:57:39 PM [vite] page reload resources/views/components/header/top-banner.blade.php
9:58:57 PM [vite] page reload resources/views/components/header/main-menu.blade.php
9:58:57 PM [vite] page reload resources/views/components/header/main-menu.blade.php
9:59:33 PM [vite] page reload resources/views/components/header/main-menu.blade.php
9:59:33 PM [vite] page reload resources/views/components/header/main-menu.blade.php
10:00:21 PM [vite] page reload resources/views/components/header/main-menu.blade.php
10:00:21 PM [vite] page reload resources/views/components/header/main-menu.blade.php
10:03:17 PM [vite] page reload resources/views/components/main/index-with-background.blade.php
10:03:17 PM [vite] page reload resources/views/components/main/index-with-background.blade.php
10:04:24 PM [vite] page reload resources/views/components/main/index.blade.php
10:04:24 PM [vite] page reload resources/views/components/main/index.blade.php
10:04:52 PM [vite] page reload resources/views/components/main/index.blade.php
10:04:52 PM [vite] page reload resources/views/components/main/index.blade.php
10:08:58 PM [vite] page reload resources/views/components/header/main-menu.blade.php
10:08:58 PM [vite] page reload resources/views/components/header/main-menu.blade.php
10:10:09 PM [vite] page reload resources/views/components/header/navbar/dropdown-menu.blade.php
10:10:09 PM [vite] page reload resources/views/components/header/navbar/dropdown-menu.blade.php
10:11:44 PM [vite] page reload resources/views/components/header/navbar/item.blade.php
10:11:44 PM [vite] page reload resources/views/components/header/navbar/item.blade.php
10:13:49 PM [vite] page reload resources/views/components/header/search.blade.php
10:13:49 PM [vite] page reload resources/views/components/header/search.blade.php
10:14:35 PM [vite] page reload resources/views/components/header/search.blade.php
10:14:35 PM [vite] page reload resources/views/components/header/search.blade.php
10:16:03 PM [vite] page reload resources/views/components/header/search.blade.php
10:16:03 PM [vite] page reload resources/views/components/header/search.blade.php
10:16:32 PM [vite] page reload resources/views/components/header/top-banner.blade.php
10:16:32 PM [vite] page reload resources/views/components/header/top-banner.blade.php
10:18:30 PM [vite] page reload resources/views/components/header/main-menu.blade.php
10:18:30 PM [vite] page reload resources/views/components/header/main-menu.blade.php
10:19:32 PM [vite] page reload resources/views/components/header/search.blade.php
10:19:32 PM [vite] page reload resources/views/components/header/search.blade.php
10:22:52 PM [vite] page reload resources/views/components/header/main-menu.blade.php
10:22:52 PM [vite] page reload resources/views/components/header/main-menu.blade.php
10:23:05 PM [vite] page reload resources/views/components/header/main-menu.blade.php
10:23:05 PM [vite] page reload resources/views/components/header/main-menu.blade.php
10:23:14 PM [vite] page reload resources/views/components/header/main-menu.blade.php
10:23:14 PM [vite] page reload resources/views/components/header/main-menu.blade.php
10:24:18 PM [vite] page reload resources/views/components/header/main-menu.blade.php
10:24:18 PM [vite] page reload resources/views/components/header/main-menu.blade.php
10:24:41 PM [vite] page reload resources/views/components/header/main-menu.blade.php
10:24:41 PM [vite] page reload resources/views/components/header/main-menu.blade.php
10:25:16 PM [vite] page reload resources/views/components/header/main-menu.blade.php
10:25:16 PM [vite] page reload resources/views/components/header/main-menu.blade.php
10:25:35 PM [vite] page reload resources/views/components/header/main-menu.blade.php
10:25:35 PM [vite] page reload resources/views/components/header/main-menu.blade.php
10:25:54 PM [vite] page reload resources/views/components/header/main-menu.blade.php
10:25:54 PM [vite] page reload resources/views/components/header/main-menu.blade.php
10:25:58 PM [vite] page reload resources/views/components/header/main-menu.blade.php
10:25:58 PM [vite] page reload resources/views/components/header/main-menu.blade.php
10:26:19 PM [vite] page reload resources/views/components/header/main-menu.blade.php
10:26:19 PM [vite] page reload resources/views/components/header/main-menu.blade.php
10:26:54 PM [vite] page reload resources/views/components/header/main-menu.blade.php
10:26:54 PM [vite] page reload resources/views/components/header/main-menu.blade.php
10:27:17 PM [vite] page reload resources/views/components/header/main-menu.blade.php
10:27:17 PM [vite] page reload resources/views/components/header/main-menu.blade.php
10:28:18 PM [vite] page reload resources/views/components/header/main-menu.blade.php
10:28:18 PM [vite] page reload resources/views/components/header/main-menu.blade.php
10:28:30 PM [vite] page reload resources/views/components/header/main-menu.blade.php
10:28:30 PM [vite] page reload resources/views/components/header/main-menu.blade.php
10:29:15 PM [vite] page reload resources/views/components/header/main-menu.blade.php
10:29:15 PM [vite] page reload resources/views/components/header/main-menu.blade.php
10:29:53 PM [vite] page reload resources/views/components/header/main-menu.blade.php
10:29:53 PM [vite] page reload resources/views/components/header/main-menu.blade.php
10:30:15 PM [vite] page reload resources/views/components/header/main-menu.blade.php
10:30:15 PM [vite] page reload resources/views/components/header/main-menu.blade.php
10:31:05 PM [vite] page reload resources/views/components/header/main-menu.blade.php
10:31:05 PM [vite] page reload resources/views/components/header/main-menu.blade.php
10:31:24 PM [vite] page reload resources/views/components/header/main-menu.blade.php
10:31:24 PM [vite] page reload resources/views/components/header/main-menu.blade.php
10:32:29 PM [vite] page reload resources/views/components/main/index.blade.php
10:32:29 PM [vite] page reload resources/views/components/main/index.blade.php
10:32:32 PM [vite] page reload resources/views/components/main/index.blade.php
10:32:32 PM [vite] page reload resources/views/components/main/index.blade.php
10:32:46 PM [vite] page reload resources/views/components/main/index.blade.php
10:32:46 PM [vite] page reload resources/views/components/main/index.blade.php
10:33:36 PM [vite] page reload resources/views/components/main/index.blade.php
10:33:36 PM [vite] page reload resources/views/components/main/index.blade.php
10:34:20 PM [vite] page reload resources/views/welcome-old.blade.php
10:34:20 PM [vite] page reload resources/views/welcome-old.blade.php
10:34:50 PM [vite] page reload resources/views/welcome.blade.php
10:34:50 PM [vite] page reload resources/views/welcome.blade.php
10:35:34 PM [vite] page reload resources/views/components/main/index.blade.php
10:35:34 PM [vite] page reload resources/views/components/main/index.blade.php
10:36:46 PM [vite] page reload resources/views/components/main/index.blade.php
10:36:46 PM [vite] page reload resources/views/components/main/index.blade.php
10:36:50 PM [vite] page reload resources/views/components/main/index.blade.php
10:36:50 PM [vite] page reload resources/views/components/main/index.blade.php
10:37:15 PM [vite] page reload resources/views/components/main/index.blade.php
10:37:15 PM [vite] page reload resources/views/components/main/index.blade.php
10:37:25 PM [vite] page reload resources/views/components/main/index.blade.php
10:37:25 PM [vite] page reload resources/views/components/main/index.blade.php
10:37:29 PM [vite] page reload resources/views/components/main/index.blade.php
10:37:29 PM [vite] page reload resources/views/components/main/index.blade.php
10:37:38 PM [vite] page reload resources/views/components/main/index.blade.php
10:37:38 PM [vite] page reload resources/views/components/main/index.blade.php
10:38:06 PM [vite] page reload resources/views/components/main/index.blade.php
10:38:06 PM [vite] page reload resources/views/components/main/index.blade.php
10:38:14 PM [vite] page reload resources/views/components/main/index.blade.php
10:38:14 PM [vite] page reload resources/views/components/main/index.blade.php
10:38:44 PM [vite] page reload resources/views/components/main/index.blade.php
10:38:44 PM [vite] page reload resources/views/components/main/index.blade.php
10:38:58 PM [vite] page reload resources/views/components/main/index.blade.php
10:38:58 PM [vite] page reload resources/views/components/main/index.blade.php
10:39:21 PM [vite] page reload resources/views/components/main/index.blade.php
10:39:21 PM [vite] page reload resources/views/components/main/index.blade.php
10:39:36 PM [vite] page reload resources/views/components/main/index.blade.php
10:39:36 PM [vite] page reload resources/views/components/main/index.blade.php
10:40:02 PM [vite] page reload resources/views/components/main/index.blade.php
10:40:02 PM [vite] page reload resources/views/components/main/index.blade.php
10:40:06 PM [vite] page reload resources/views/components/main/index.blade.php
10:40:06 PM [vite] page reload resources/views/components/main/index.blade.php
10:40:09 PM [vite] page reload resources/views/components/main/index.blade.php
10:40:09 PM [vite] page reload resources/views/components/main/index.blade.php
11:53:04 PM [vite] page reload resources/views/welcome-old.blade.php
11:53:04 PM [vite] page reload resources/views/welcome-old.blade.php
11:54:54 PM [vite] page reload resources/views/welcome.blade.php
11:54:54 PM [vite] page reload resources/views/welcome.blade.php
11:56:09 PM [vite] page reload resources/views/welcome.blade.php
11:56:09 PM [vite] page reload resources/views/welcome.blade.php
11:56:39 PM [vite] page reload resources/views/welcome.blade.php
11:56:39 PM [vite] page reload resources/views/welcome.blade.php
11:57:24 PM [vite] page reload resources/views/welcome.blade.php
11:57:24 PM [vite] page reload resources/views/welcome.blade.php
11:57:30 PM [vite] page reload resources/views/welcome.blade.php
11:57:30 PM [vite] page reload resources/views/welcome.blade.php
11:58:46 PM [vite] page reload resources/views/welcome.blade.php
11:58:46 PM [vite] page reload resources/views/welcome.blade.php
11:59:31 PM [vite] page reload resources/views/welcome.blade.php
11:59:31 PM [vite] page reload resources/views/welcome.blade.php
11:59:48 PM [vite] page reload resources/views/welcome.blade.php
11:59:48 PM [vite] page reload resources/views/welcome.blade.php
12:00:22 AM [vite] page reload resources/views/welcome.blade.php
12:00:22 AM [vite] page reload resources/views/welcome.blade.php
12:00:46 AM [vite] page reload resources/views/components/story.blade.php
12:00:46 AM [vite] page reload resources/views/components/story.blade.php
12:01:15 AM [vite] page reload resources/views/welcome.blade.php
12:01:15 AM [vite] page reload resources/views/welcome.blade.php
12:02:12 AM [vite] page reload resources/views/welcome.blade.php
12:02:12 AM [vite] page reload resources/views/welcome.blade.php
12:03:22 AM [vite] page reload resources/views/welcome.blade.php
12:03:22 AM [vite] page reload resources/views/welcome.blade.php
12:03:30 AM [vite] page reload resources/views/welcome.blade.php
12:03:30 AM [vite] page reload resources/views/welcome.blade.php
12:03:52 AM [vite] page reload resources/views/welcome.blade.php
12:03:52 AM [vite] page reload resources/views/welcome.blade.php
12:03:56 AM [vite] page reload resources/views/welcome.blade.php
12:03:56 AM [vite] page reload resources/views/welcome.blade.php
12:04:17 AM [vite] page reload resources/views/welcome.blade.php
12:04:17 AM [vite] page reload resources/views/welcome.blade.php
12:06:46 AM [vite] page reload resources/views/components/story.blade.php
12:06:46 AM [vite] page reload resources/views/components/story.blade.php
12:07:10 AM [vite] page reload resources/views/components/story.blade.php
12:07:10 AM [vite] page reload resources/views/components/story.blade.php
12:07:13 AM [vite] page reload resources/views/components/story.blade.php
12:07:13 AM [vite] page reload resources/views/components/story.blade.php
12:07:15 AM [vite] page reload resources/views/components/story.blade.php
12:07:15 AM [vite] page reload resources/views/components/story.blade.php
12:07:20 AM [vite] page reload resources/views/components/story.blade.php
12:07:20 AM [vite] page reload resources/views/components/story.blade.php
12:10:26 AM [vite] page reload resources/views/components/layout.blade.php
12:10:26 AM [vite] page reload resources/views/components/layout.blade.php
12:10:36 AM [vite] page reload resources/views/components/layout.blade.php
12:10:36 AM [vite] page reload resources/views/components/layout.blade.php
12:10:44 AM [vite] page reload resources/views/components/layout.blade.php
12:10:44 AM [vite] page reload resources/views/components/layout.blade.php
12:11:49 AM [vite] page reload resources/views/components/header/logo.blade.php
12:11:49 AM [vite] page reload resources/views/components/header/logo.blade.php
12:12:16 AM [vite] page reload resources/views/components/header/logo.blade.php
12:12:16 AM [vite] page reload resources/views/components/header/logo.blade.php
12:13:05 AM [vite] page reload resources/views/components/story.blade.php
12:13:05 AM [vite] page reload resources/views/components/story.blade.php
12:13:17 AM [vite] page reload resources/views/components/story.blade.php
12:13:17 AM [vite] page reload resources/views/components/story.blade.php
12:13:33 AM [vite] page reload resources/views/components/story.blade.php
12:13:33 AM [vite] page reload resources/views/components/story.blade.php
12:13:35 AM [vite] page reload resources/views/components/story.blade.php
12:13:35 AM [vite] page reload resources/views/components/story.blade.php
12:13:52 AM [vite] page reload resources/views/components/story.blade.php
12:13:52 AM [vite] page reload resources/views/components/story.blade.php
12:14:51 AM [vite] page reload resources/views/components/story.blade.php
12:14:51 AM [vite] page reload resources/views/components/story.blade.php
12:15:12 AM [vite] page reload resources/views/components/story.blade.php
12:15:12 AM [vite] page reload resources/views/components/story.blade.php
12:15:41 AM [vite] page reload resources/views/components/story.blade.php
12:15:41 AM [vite] page reload resources/views/components/story.blade.php
12:17:02 AM [vite] page reload resources/views/components/story.blade.php
12:17:02 AM [vite] page reload resources/views/components/story.blade.php
12:17:07 AM [vite] page reload resources/views/components/story.blade.php
12:17:07 AM [vite] page reload resources/views/components/story.blade.php
12:17:30 AM [vite] page reload resources/views/components/story.blade.php
12:17:30 AM [vite] page reload resources/views/components/story.blade.php
12:17:32 AM [vite] page reload resources/views/components/story.blade.php
12:17:32 AM [vite] page reload resources/views/components/story.blade.php
12:17:42 AM [vite] page reload resources/views/components/story.blade.php
12:17:42 AM [vite] page reload resources/views/components/story.blade.php
12:17:51 AM [vite] page reload resources/views/components/story.blade.php
12:17:51 AM [vite] page reload resources/views/components/story.blade.php
12:17:55 AM [vite] page reload resources/views/components/story.blade.php
12:17:55 AM [vite] page reload resources/views/components/story.blade.php
12:17:58 AM [vite] page reload resources/views/components/story.blade.php
12:17:58 AM [vite] page reload resources/views/components/story.blade.php
12:18:32 AM [vite] page reload resources/views/components/story.blade.php
12:18:32 AM [vite] page reload resources/views/components/story.blade.php
12:19:15 AM [vite] page reload resources/views/components/story.blade.php
12:19:15 AM [vite] page reload resources/views/components/story.blade.php
12:19:38 AM [vite] page reload resources/views/components/story.blade.php
12:19:38 AM [vite] page reload resources/views/components/story.blade.php
12:19:51 AM [vite] page reload resources/views/components/story.blade.php
12:19:51 AM [vite] page reload resources/views/components/story.blade.php
12:20:06 AM [vite] page reload resources/views/components/story.blade.php
12:20:06 AM [vite] page reload resources/views/components/story.blade.php
12:20:17 AM [vite] page reload resources/views/components/story.blade.php
12:20:17 AM [vite] page reload resources/views/components/story.blade.php
12:20:34 AM [vite] page reload resources/views/welcome.blade.php
12:20:34 AM [vite] page reload resources/views/welcome.blade.php
12:20:42 AM [vite] page reload resources/views/welcome.blade.php
12:20:42 AM [vite] page reload resources/views/welcome.blade.php
12:21:58 AM [vite] page reload resources/views/components/story.blade.php
12:21:58 AM [vite] page reload resources/views/components/story.blade.php
12:22:03 AM [vite] page reload resources/views/components/story.blade.php
12:22:03 AM [vite] page reload resources/views/components/story.blade.php
12:22:14 AM [vite] page reload resources/views/components/story.blade.php
12:22:14 AM [vite] page reload resources/views/components/story.blade.php
12:22:36 AM [vite] page reload resources/views/components/story.blade.php
12:22:36 AM [vite] page reload resources/views/components/story.blade.php
12:22:44 AM [vite] page reload resources/views/components/story.blade.php
12:22:44 AM [vite] page reload resources/views/components/story.blade.php
12:22:45 AM [vite] page reload resources/views/components/story.blade.php
12:22:45 AM [vite] page reload resources/views/components/story.blade.php
12:23:07 AM [vite] page reload resources/views/components/story.blade.php
12:23:07 AM [vite] page reload resources/views/components/story.blade.php
12:23:26 AM [vite] page reload resources/views/components/story.blade.php
12:23:26 AM [vite] page reload resources/views/components/story.blade.php
12:23:36 AM [vite] page reload resources/views/components/story.blade.php
12:23:36 AM [vite] page reload resources/views/components/story.blade.php
12:23:46 AM [vite] page reload resources/views/components/story.blade.php
12:23:46 AM [vite] page reload resources/views/components/story.blade.php
12:24:14 AM [vite] page reload resources/views/components/story.blade.php
12:24:14 AM [vite] page reload resources/views/components/story.blade.php
12:24:20 AM [vite] page reload resources/views/components/story.blade.php
12:24:20 AM [vite] page reload resources/views/components/story.blade.php
12:24:29 AM [vite] page reload resources/views/components/story.blade.php
12:24:29 AM [vite] page reload resources/views/components/story.blade.php
12:25:42 AM [vite] page reload resources/views/welcome.blade.php
12:25:42 AM [vite] page reload resources/views/welcome.blade.php
12:25:53 AM [vite] page reload resources/views/welcome.blade.php
12:25:53 AM [vite] page reload resources/views/welcome.blade.php
12:26:01 AM [vite] page reload resources/views/welcome.blade.php
12:26:01 AM [vite] page reload resources/views/welcome.blade.php
12:26:05 AM [vite] page reload resources/views/welcome.blade.php
12:26:05 AM [vite] page reload resources/views/welcome.blade.php
12:26:08 AM [vite] page reload resources/views/welcome.blade.php
12:26:08 AM [vite] page reload resources/views/welcome.blade.php
12:26:45 AM [vite] page reload resources/views/welcome.blade.php
12:26:45 AM [vite] page reload resources/views/welcome.blade.php
12:28:15 AM [vite] page reload resources/views/welcome.blade.php
12:28:15 AM [vite] page reload resources/views/welcome.blade.php
12:28:31 AM [vite] page reload resources/views/welcome.blade.php
12:28:31 AM [vite] page reload resources/views/welcome.blade.php
12:28:52 AM [vite] page reload resources/views/welcome.blade.php
12:28:52 AM [vite] page reload resources/views/welcome.blade.php
12:29:21 AM [vite] page reload resources/views/welcome.blade.php
12:29:21 AM [vite] page reload resources/views/welcome.blade.php
12:30:16 AM [vite] page reload resources/views/welcome.blade.php
12:30:16 AM [vite] page reload resources/views/welcome.blade.php
12:30:36 AM [vite] page reload resources/views/welcome.blade.php
12:30:36 AM [vite] page reload resources/views/welcome.blade.php
12:31:31 AM [vite] page reload resources/views/welcome.blade.php
12:31:31 AM [vite] page reload resources/views/welcome.blade.php
12:31:45 AM [vite] page reload resources/views/welcome.blade.php
12:31:45 AM [vite] page reload resources/views/welcome.blade.php
12:32:16 AM [vite] page reload resources/views/welcome.blade.php
12:32:16 AM [vite] page reload resources/views/welcome.blade.php
12:32:31 AM [vite] page reload resources/views/welcome.blade.php
12:32:31 AM [vite] page reload resources/views/welcome.blade.php
12:32:44 AM [vite] page reload resources/views/welcome.blade.php
12:32:44 AM [vite] page reload resources/views/welcome.blade.php
12:32:48 AM [vite] page reload resources/views/welcome.blade.php
12:32:48 AM [vite] page reload resources/views/welcome.blade.php
12:32:57 AM [vite] page reload resources/views/welcome.blade.php
12:32:57 AM [vite] page reload resources/views/welcome.blade.php
12:34:45 AM [vite] page reload resources/views/welcome.blade.php
12:34:45 AM [vite] page reload resources/views/welcome.blade.php
12:34:51 AM [vite] page reload resources/views/welcome.blade.php
12:34:51 AM [vite] page reload resources/views/welcome.blade.php
12:34:53 AM [vite] page reload resources/views/welcome.blade.php
12:34:53 AM [vite] page reload resources/views/welcome.blade.php
12:35:11 AM [vite] page reload resources/views/welcome.blade.php
12:35:11 AM [vite] page reload resources/views/welcome.blade.php
12:35:38 AM [vite] page reload resources/views/welcome.blade.php
12:35:38 AM [vite] page reload resources/views/welcome.blade.php
12:39:24 AM [vite] page reload resources/views/welcome.blade.php
12:39:24 AM [vite] page reload resources/views/welcome.blade.php
